<?xml version="1.0" encoding="utf-8"?>
<TestsResultsCache
    LastClearTime="0001-01-01T00:00:00">
    <TestClasses>
        <TestClass>
            <TestClassId>01p0Y000008HbGXQA0</TestClassId>
            <TestQueueId>7090Y0000004ZQQQA2</TestQueueId>
            <TestMethods>
                <TestMethod>
                    <ApexLogId>07L0Y000001F4h3UAC</ApexLogId>
                    <Name>test1</Name>
                    <TestResultStatus>Pass</TestResultStatus>
                </TestMethod>
            </TestMethods>
        </TestClass>
        <TestClass>
            <TestClassId>01p0Y000008HbGXQA0</TestClassId>
            <TestQueueId>7090Y0000004ZQ7QAM</TestQueueId>
            <TestMethods>
                <TestMethod>
                    <ApexLogId>07L0Y000001F4f7UAC</ApexLogId>
                    <Name>test1</Name>
                    <TestResultStatus>Pass</TestResultStatus>
                </TestMethod>
            </TestMethods>
        </TestClass>
        <TestClass>
            <TestClassId>01p0Y000008HbGXQA0</TestClassId>
            <TestQueueId>7090Y0000004ZQ2QAM</TestQueueId>
            <TestMethods>
                <TestMethod>
                    <ApexLogId>07L0Y000001F4dkUAC</ApexLogId>
                    <Name>test1</Name>
                    <Message>System.AssertException: Assertion Failed: Expected: Dreamforce, Actual: null</Message>
                    <StackTrace>Class.DailyLeadProcessorTest.test1: line 26, column 1</StackTrace>
                    <TestResultStatus>Fail</TestResultStatus>
                </TestMethod>
            </TestMethods>
        </TestClass>
        <TestClass>
            <TestClassId>01p0Y000008HbGXQA0</TestClassId>
            <TestQueueId>7090Y0000004ZPxQAM</TestQueueId>
            <TestMethods>
                <TestMethod>
                    <ApexLogId>07L0Y000001F4dfUAC</ApexLogId>
                    <Name>test1</Name>
                    <Message>System.DmlException: Insert failed. First exception on row 0; first error: REQUIRED_FIELD_MISSING, Required fields are missing: [Company]: [Company]</Message>
                    <StackTrace>Class.DailyLeadProcessorTest.test1: line 12, column 1</StackTrace>
                    <TestResultStatus>Fail</TestResultStatus>
                </TestMethod>
            </TestMethods>
        </TestClass>
        <TestClass>
            <TestClassId>01p0Y000008Ha4rQAC</TestClassId>
            <TestQueueId>7090Y0000004ZPGQA2</TestQueueId>
            <TestMethods>
                <TestMethod>
                    <ApexLogId>07L0Y000001F4ZEUA0</ApexLogId>
                    <Name>test1</Name>
                    <TestResultStatus>Pass</TestResultStatus>
                </TestMethod>
            </TestMethods>
        </TestClass>
        <TestClass>
            <TestClassId>01p0Y000008HYs4QAG</TestClassId>
            <TestQueueId>7090Y0000004ZMmQAM</TestQueueId>
            <TestMethods>
                <TestMethod>
                    <ApexLogId>07L0Y000001F4DmUAK</ApexLogId>
                    <Name>test1</Name>
                    <TestResultStatus>Pass</TestResultStatus>
                </TestMethod>
            </TestMethods>
        </TestClass>
        <TestClass>
            <TestClassId>01p0Y000008HYs4QAG</TestClassId>
            <TestQueueId>7090Y0000004ZMqQAM</TestQueueId>
            <TestMethods>
                <TestMethod>
                    <ApexLogId>07L0Y000001F4DJUA0</ApexLogId>
                    <Name>test1</Name>
                    <Message>System.AssertException: Assertion Failed: Expected: Dreamforce, Actual: null</Message>
                    <StackTrace>Class.LeadProcessorTest.test1: line 22, column 1</StackTrace>
                    <TestResultStatus>Fail</TestResultStatus>
                </TestMethod>
            </TestMethods>
        </TestClass>
        <TestClass>
            <TestClassId>01p0Y000008HYs4QAG</TestClassId>
            <TestQueueId>7090Y0000004ZMbQAM</TestQueueId>
            <TestMethods>
                <TestMethod>
                    <ApexLogId>07L0Y000001F4DIUA0</ApexLogId>
                    <Name>test1</Name>
                    <Message>System.UnexpectedException: No more than one executeBatch can be called from within a test method.  Please make sure the iterable returned from your start method matches the batch size, resulting in one executeBatch invocation.</Message>
                    <StackTrace>External entry point</StackTrace>
                    <TestResultStatus>Fail</TestResultStatus>
                </TestMethod>
            </TestMethods>
        </TestClass>
        <TestClass>
            <TestClassId>01p0Y000008HYs4QAG</TestClassId>
            <TestQueueId>7090Y0000004ZMMQA2</TestQueueId>
            <TestMethods>
                <TestMethod>
                    <ApexLogId>07L0Y000001F4CtUAK</ApexLogId>
                    <Name>test1</Name>
                    <Message>System.DmlException: Insert failed. First exception on row 0; first error: REQUIRED_FIELD_MISSING, Required fields are missing: [Company]: [Company]</Message>
                    <StackTrace>Class.LeadProcessorTest.test1: line 11, column 1</StackTrace>
                    <TestResultStatus>Fail</TestResultStatus>
                </TestMethod>
            </TestMethods>
        </TestClass>
        <TestClass>
            <TestClassId>01p0Y000008HXtmQAG</TestClassId>
            <TestQueueId>7090Y0000004ZKQQA2</TestQueueId>
            <TestMethods>
                <TestMethod>
                    <ApexLogId>07L0Y000001F48mUAC</ApexLogId>
                    <Name>test1</Name>
                    <TestResultStatus>Pass</TestResultStatus>
                </TestMethod>
            </TestMethods>
        </TestClass>
        <TestClass>
            <TestClassId>01p0Y000008HT3QQAW</TestClassId>
            <TestQueueId>7090Y0000004ZHbQAM</TestQueueId>
            <TestMethods>
                <TestMethod>
                    <ApexLogId>07L0Y000001F2xmUAC</ApexLogId>
                    <Name>testCallout</Name>
                    <TestResultStatus>Pass</TestResultStatus>
                </TestMethod>
            </TestMethods>
        </TestClass>
        <TestClass>
            <TestClassId>01p0Y000008HSqYQAW</TestClassId>
            <TestQueueId>7090Y0000004ZHHQA2</TestQueueId>
            <TestMethods>
                <TestMethod>
                    <ApexLogId>07L0Y000001F2ZQUA0</ApexLogId>
                    <Name>testCallout</Name>
                    <TestResultStatus>Pass</TestResultStatus>
                </TestMethod>
            </TestMethods>
        </TestClass>
    </TestClasses>
</TestsResultsCache>